<?xml version="1.0" encoding="UTF-8"?>
<!-- Generated by org.testng.reporters.JUnitReportReporter -->
<testsuite skipped="0" hostname="DESKTOP-QQ6G89I" name="testClasses.Test1" tests="3" failures="0" timestamp="2022-09-04T12:03:49 IST" time="15.589" errors="0">
  <testcase name="tc03" time="1.470" classname="testClasses.Test1"/>
  <system-out/>
  <testcase name="tc02" time="0.938" classname="testClasses.Test1"/>
  <system-out/>
  <testcase name="tc01" time="13.181" classname="testClasses.Test1"/>
  <system-out/>
</testsuite> <!-- testClasses.Test1 -->
